<?xml version="1.0" encoding="UTF-8"?>
<testsuite name="com.crm_project.backend.BackendApplicationTests" tests="1" skipped="0" failures="0" errors="0" timestamp="2025-09-11T16:33:27" hostname="LAPTOP-M6FAPRHG" time="2.5">
  <properties/>
  <testcase name="contextLoads()" classname="com.crm_project.backend.BackendApplicationTests" time="2.5"/>
  <system-out><![CDATA[18:33:18.845 [Test worker] INFO org.springframework.test.context.support.AnnotationConfigContextLoaderUtils -- Could not detect default configuration classes for test class [com.crm_project.backend.BackendApplicationTests]: BackendApplicationTests does not declare any static, non-private, non-final, nested classes annotated with @Configuration.
18:33:19.816 [Test worker] INFO org.springframework.boot.test.context.SpringBootTestContextBootstrapper -- Found @SpringBootConfiguration com.crm_project.backend.BackendApplication for test class com.crm_project.backend.BackendApplicationTests

  .   ____          _            __ _ _
 /\\ / ___'_ __ _ _(_)_ __  __ _ \ \ \ \
( ( )\___ | '_ | '_| | '_ \/ _` | \ \ \ \
 \\/  ___)| |_)| | | | | || (_| |  ) ) ) )
  '  |____| .__|_| |_|_| |_\__, | / / / /
 =========|_|==============|___/=/_/_/_/

 :: Spring Boot ::                (v3.5.5)

2025-09-11T18:33:22.155+02:00  INFO 1496 --- [backend] [    Test worker] c.c.backend.BackendApplicationTests      : Starting BackendApplicationTests using Java 21 with PID 1496 (started by Arroyo in C:\Users\Arroyo\Downloads\JAVA\INTELLIJ\Woody\backend)
2025-09-11T18:33:22.158+02:00  INFO 1496 --- [backend] [    Test worker] c.c.backend.BackendApplicationTests      : No active profile set, falling back to 1 default profile: "default"
2025-09-11T18:33:25.957+02:00  WARN 1496 --- [backend] [    Test worker] .s.s.UserDetailsServiceAutoConfiguration : 

Using generated security password: 94c4e0db-e111-46a2-97eb-474921378b42

This generated password is for development use only. Your security configuration must be updated before running your application in production.

2025-09-11T18:33:26.046+02:00  INFO 1496 --- [backend] [    Test worker] r$InitializeUserDetailsManagerConfigurer : Global AuthenticationManager configured with UserDetailsService bean with name inMemoryUserDetailsManager
2025-09-11T18:33:27.254+02:00  INFO 1496 --- [backend] [    Test worker] c.c.backend.BackendApplicationTests      : Started BackendApplicationTests in 6.436 seconds (process running for 11.421)
]]></system-out>
  <system-err><![CDATA[Mockito is currently self-attaching to enable the inline-mock-maker. This will no longer work in future releases of the JDK. Please add Mockito as an agent to your build as described in Mockito's documentation: https://javadoc.io/doc/org.mockito/mockito-core/latest/org.mockito/org/mockito/Mockito.html#0.3
WARNING: A Java agent has been loaded dynamically (C:\Users\Arroyo\.gradle\caches\modules-2\files-2.1\net.bytebuddy\byte-buddy-agent\1.17.7\fbf3d6d649ed37fc9e9c59480a05be0a26e3c2da\byte-buddy-agent-1.17.7.jar)
WARNING: If a serviceability tool is in use, please run with -XX:+EnableDynamicAgentLoading to hide this warning
WARNING: If a serviceability tool is not in use, please run with -Djdk.instrument.traceUsage for more information
WARNING: Dynamic loading of agents will be disallowed by default in a future release
]]></system-err>
</testsuite>
